app/build/intermediates/manifest_merge_blame_file/debug/processDebugMainManifest/manifest-merger-blame-debug-report.txt
1<?xml version="1.0" encoding="utf-8"?>
2<manifest xmlns:android="http://schemas.android.com/apk/res/android"
3    package="com.example.myapplication"
4    android:versionCode="1"
5    android:versionName="1.0" >
6
7    <uses-sdk
8        android:minSdkVersion="26"
9        android:targetSdkVersion="35" />
10
11    <uses-permission android:name="android.permission.INTERNET" />
11-->src/main/AndroidManifest.xml:5:5-67
11-->src/main/AndroidManifest.xml:5:22-64
12    <uses-permission android:name="android.permission.REORDER_TASKS" />
12-->[androidx.fragment:fragment-testing-manifest:1.8.3] AndroidManifest.xml:23:5-72
12-->[androidx.fragment:fragment-testing-manifest:1.8.3] AndroidManifest.xml:23:22-69
13    <uses-permission android:name="android.permission.ACCESS_NETWORK_STATE" />
13-->[androidx.media3:media3-common:1.2.1] AndroidManifest.xml:22:5-79
13-->[androidx.media3:media3-common:1.2.1] AndroidManifest.xml:22:22-76
14
15    <permission
15-->[androidx.core:core:1.13.1] AndroidManifest.xml:22:5-24:47
16        android:name="com.example.myapplication.DYNAMIC_RECEIVER_NOT_EXPORTED_PERMISSION"
16-->[androidx.core:core:1.13.1] AndroidManifest.xml:23:9-81
17        android:protectionLevel="signature" />
17-->[androidx.core:core:1.13.1] AndroidManifest.xml:24:9-44
18
19    <uses-permission android:name="com.example.myapplication.DYNAMIC_RECEIVER_NOT_EXPORTED_PERMISSION" />
19-->[androidx.core:core:1.13.1] AndroidManifest.xml:26:5-97
19-->[androidx.core:core:1.13.1] AndroidManifest.xml:26:22-94
20
21    <application
21-->src/main/AndroidManifest.xml:7:5-31:19
22        android:allowBackup="true"
22-->src/main/AndroidManifest.xml:8:9-35
23        android:appComponentFactory="androidx.core.app.CoreComponentFactory"
23-->[androidx.core:core:1.13.1] AndroidManifest.xml:28:18-86
24        android:dataExtractionRules="@xml/data_extraction_rules"
24-->src/main/AndroidManifest.xml:9:9-65
25        android:debuggable="true"
26        android:extractNativeLibs="false"
27        android:fullBackupContent="@xml/backup_rules"
27-->src/main/AndroidManifest.xml:10:9-54
28        android:icon="@drawable/ohome"
28-->src/main/AndroidManifest.xml:11:9-39
29        android:label="@string/app_name"
29-->src/main/AndroidManifest.xml:12:9-41
30        android:roundIcon="@drawable/ohome"
30-->src/main/AndroidManifest.xml:13:9-44
31        android:supportsRtl="true"
31-->src/main/AndroidManifest.xml:14:9-35
32        android:testOnly="true"
33        android:theme="@style/Theme.MyApplication" >
33-->src/main/AndroidManifest.xml:15:9-51
34        <activity android:name="com.example.myapplication.MainToDetailPage" />
34-->src/main/AndroidManifest.xml:17:9-54
34-->src/main/AndroidManifest.xml:17:19-51
35        <activity android:name="com.example.myapplication.ui.theme.community.PostingActivity" />
35-->src/main/AndroidManifest.xml:18:9-72
35-->src/main/AndroidManifest.xml:18:19-69
36        <activity android:name="com.example.myapplication.ui.theme.community.PostDetailActivity" />
36-->src/main/AndroidManifest.xml:19:9-74
36-->src/main/AndroidManifest.xml:19:19-72
37        <activity
37-->src/main/AndroidManifest.xml:20:9-30:20
38            android:name="com.example.myapplication.MainActivity"
38-->src/main/AndroidManifest.xml:21:13-41
39            android:exported="true"
39-->src/main/AndroidManifest.xml:22:13-36
40            android:label="@string/app_name"
40-->src/main/AndroidManifest.xml:23:13-45
41            android:theme="@style/AppTheme.Splash" >
41-->src/main/AndroidManifest.xml:24:13-51
42            <intent-filter>
42-->src/main/AndroidManifest.xml:25:13-29:29
43                <action android:name="android.intent.action.MAIN" />
43-->src/main/AndroidManifest.xml:26:17-69
43-->src/main/AndroidManifest.xml:26:25-66
44
45                <category android:name="android.intent.category.LAUNCHER" />
45-->src/main/AndroidManifest.xml:28:17-77
45-->src/main/AndroidManifest.xml:28:27-74
46            </intent-filter>
47        </activity>
48        <activity
48-->[androidx.fragment:fragment-testing-manifest:1.8.3] AndroidManifest.xml:26:9-35:20
49            android:name="androidx.fragment.app.testing.EmptyFragmentActivity"
49-->[androidx.fragment:fragment-testing-manifest:1.8.3] AndroidManifest.xml:27:13-79
50            android:exported="true"
50-->[androidx.fragment:fragment-testing-manifest:1.8.3] AndroidManifest.xml:28:13-36
51            android:multiprocess="true"
51-->[androidx.fragment:fragment-testing-manifest:1.8.3] AndroidManifest.xml:29:13-40
52            android:taskAffinity=""
52-->[androidx.fragment:fragment-testing-manifest:1.8.3] AndroidManifest.xml:30:13-36
53            android:theme="@style/FragmentScenarioEmptyFragmentActivityTheme" >
53-->[androidx.fragment:fragment-testing-manifest:1.8.3] AndroidManifest.xml:31:13-78
54            <intent-filter>
54-->[androidx.fragment:fragment-testing-manifest:1.8.3] AndroidManifest.xml:32:13-34:29
55                <action android:name="android.intent.action.MAIN" />
55-->src/main/AndroidManifest.xml:26:17-69
55-->src/main/AndroidManifest.xml:26:25-66
56            </intent-filter>
57        </activity>
58
59        <service
59-->[androidx.room:room-runtime:2.6.1] AndroidManifest.xml:24:9-28:63
60            android:name="androidx.room.MultiInstanceInvalidationService"
60-->[androidx.room:room-runtime:2.6.1] AndroidManifest.xml:25:13-74
61            android:directBootAware="true"
61-->[androidx.room:room-runtime:2.6.1] AndroidManifest.xml:26:13-43
62            android:exported="false" />
62-->[androidx.room:room-runtime:2.6.1] AndroidManifest.xml:27:13-37
63
64        <activity
64-->[androidx.test:core:1.5.0] AndroidManifest.xml:27:9-34:20
65            android:name="androidx.test.core.app.InstrumentationActivityInvoker$BootstrapActivity"
65-->[androidx.test:core:1.5.0] AndroidManifest.xml:28:13-99
66            android:exported="true"
66-->[androidx.test:core:1.5.0] AndroidManifest.xml:29:13-36
67            android:theme="@style/WhiteBackgroundTheme" >
67-->[androidx.test:core:1.5.0] AndroidManifest.xml:30:13-56
68            <intent-filter android:priority="-100" >
68-->[androidx.test:core:1.5.0] AndroidManifest.xml:31:13-33:29
68-->[androidx.test:core:1.5.0] AndroidManifest.xml:31:28-51
69                <category android:name="android.intent.category.LAUNCHER" />
69-->src/main/AndroidManifest.xml:28:17-77
69-->src/main/AndroidManifest.xml:28:27-74
70            </intent-filter>
71        </activity>
72        <activity
72-->[androidx.test:core:1.5.0] AndroidManifest.xml:35:9-42:20
73            android:name="androidx.test.core.app.InstrumentationActivityInvoker$EmptyActivity"
73-->[androidx.test:core:1.5.0] AndroidManifest.xml:36:13-95
74            android:exported="true"
74-->[androidx.test:core:1.5.0] AndroidManifest.xml:37:13-36
75            android:theme="@style/WhiteBackgroundTheme" >
75-->[androidx.test:core:1.5.0] AndroidManifest.xml:38:13-56
76            <intent-filter android:priority="-100" >
76-->[androidx.test:core:1.5.0] AndroidManifest.xml:31:13-33:29
76-->[androidx.test:core:1.5.0] AndroidManifest.xml:31:28-51
77                <category android:name="android.intent.category.LAUNCHER" />
77-->src/main/AndroidManifest.xml:28:17-77
77-->src/main/AndroidManifest.xml:28:27-74
78            </intent-filter>
79        </activity>
80        <activity
80-->[androidx.test:core:1.5.0] AndroidManifest.xml:43:9-50:20
81            android:name="androidx.test.core.app.InstrumentationActivityInvoker$EmptyFloatingActivity"
81-->[androidx.test:core:1.5.0] AndroidManifest.xml:44:13-103
82            android:exported="true"
82-->[androidx.test:core:1.5.0] AndroidManifest.xml:45:13-36
83            android:theme="@style/WhiteBackgroundDialogTheme" >
83-->[androidx.test:core:1.5.0] AndroidManifest.xml:46:13-62
84            <intent-filter android:priority="-100" >
84-->[androidx.test:core:1.5.0] AndroidManifest.xml:31:13-33:29
84-->[androidx.test:core:1.5.0] AndroidManifest.xml:31:28-51
85                <category android:name="android.intent.category.LAUNCHER" />
85-->src/main/AndroidManifest.xml:28:17-77
85-->src/main/AndroidManifest.xml:28:27-74
86            </intent-filter>
87        </activity>
88        <activity
88-->[androidx.compose.ui:ui-tooling-android:1.7.0] AndroidManifest.xml:23:9-25:39
89            android:name="androidx.compose.ui.tooling.PreviewActivity"
89-->[androidx.compose.ui:ui-tooling-android:1.7.0] AndroidManifest.xml:24:13-71
90            android:exported="true" />
90-->[androidx.compose.ui:ui-tooling-android:1.7.0] AndroidManifest.xml:25:13-36
91        <activity
91-->[androidx.compose.ui:ui-test-manifest:1.7.0] AndroidManifest.xml:23:9-25:39
92            android:name="androidx.activity.ComponentActivity"
92-->[androidx.compose.ui:ui-test-manifest:1.7.0] AndroidManifest.xml:24:13-63
93            android:exported="true" />
93-->[androidx.compose.ui:ui-test-manifest:1.7.0] AndroidManifest.xml:25:13-36
94
95        <provider
95-->[androidx.emoji2:emoji2:1.3.0] AndroidManifest.xml:24:9-32:20
96            android:name="androidx.startup.InitializationProvider"
96-->[androidx.emoji2:emoji2:1.3.0] AndroidManifest.xml:25:13-67
97            android:authorities="com.example.myapplication.androidx-startup"
97-->[androidx.emoji2:emoji2:1.3.0] AndroidManifest.xml:26:13-68
98            android:exported="false" >
98-->[androidx.emoji2:emoji2:1.3.0] AndroidManifest.xml:27:13-37
99            <meta-data
99-->[androidx.emoji2:emoji2:1.3.0] AndroidManifest.xml:29:13-31:52
100                android:name="androidx.emoji2.text.EmojiCompatInitializer"
100-->[androidx.emoji2:emoji2:1.3.0] AndroidManifest.xml:30:17-75
101                android:value="androidx.startup" />
101-->[androidx.emoji2:emoji2:1.3.0] AndroidManifest.xml:31:17-49
102            <meta-data
102-->[androidx.lifecycle:lifecycle-process:2.8.3] AndroidManifest.xml:29:13-31:52
103                android:name="androidx.lifecycle.ProcessLifecycleInitializer"
103-->[androidx.lifecycle:lifecycle-process:2.8.3] AndroidManifest.xml:30:17-78
104                android:value="androidx.startup" />
104-->[androidx.lifecycle:lifecycle-process:2.8.3] AndroidManifest.xml:31:17-49
105            <meta-data
105-->[androidx.profileinstaller:profileinstaller:1.3.1] AndroidManifest.xml:29:13-31:52
106                android:name="androidx.profileinstaller.ProfileInstallerInitializer"
106-->[androidx.profileinstaller:profileinstaller:1.3.1] AndroidManifest.xml:30:17-85
107                android:value="androidx.startup" />
107-->[androidx.profileinstaller:profileinstaller:1.3.1] AndroidManifest.xml:31:17-49
108        </provider>
109
110        <receiver
110-->[androidx.profileinstaller:profileinstaller:1.3.1] AndroidManifest.xml:34:9-52:20
111            android:name="androidx.profileinstaller.ProfileInstallReceiver"
111-->[androidx.profileinstaller:profileinstaller:1.3.1] AndroidManifest.xml:35:13-76
112            android:directBootAware="false"
112-->[androidx.profileinstaller:profileinstaller:1.3.1] AndroidManifest.xml:36:13-44
113            android:enabled="true"
113-->[androidx.profileinstaller:profileinstaller:1.3.1] AndroidManifest.xml:37:13-35
114            android:exported="true"
114-->[androidx.profileinstaller:profileinstaller:1.3.1] AndroidManifest.xml:38:13-36
115            android:permission="android.permission.DUMP" >
115-->[androidx.profileinstaller:profileinstaller:1.3.1] AndroidManifest.xml:39:13-57
116            <intent-filter>
116-->[androidx.profileinstaller:profileinstaller:1.3.1] AndroidManifest.xml:40:13-42:29
117                <action android:name="androidx.profileinstaller.action.INSTALL_PROFILE" />
117-->[androidx.profileinstaller:profileinstaller:1.3.1] AndroidManifest.xml:41:17-91
117-->[androidx.profileinstaller:profileinstaller:1.3.1] AndroidManifest.xml:41:25-88
118            </intent-filter>
119            <intent-filter>
119-->[androidx.profileinstaller:profileinstaller:1.3.1] AndroidManifest.xml:43:13-45:29
120                <action android:name="androidx.profileinstaller.action.SKIP_FILE" />
120-->[androidx.profileinstaller:profileinstaller:1.3.1] AndroidManifest.xml:44:17-85
120-->[androidx.profileinstaller:profileinstaller:1.3.1] AndroidManifest.xml:44:25-82
121            </intent-filter>
122            <intent-filter>
122-->[androidx.profileinstaller:profileinstaller:1.3.1] AndroidManifest.xml:46:13-48:29
123                <action android:name="androidx.profileinstaller.action.SAVE_PROFILE" />
123-->[androidx.profileinstaller:profileinstaller:1.3.1] AndroidManifest.xml:47:17-88
123-->[androidx.profileinstaller:profileinstaller:1.3.1] AndroidManifest.xml:47:25-85
124            </intent-filter>
125            <intent-filter>
125-->[androidx.profileinstaller:profileinstaller:1.3.1] AndroidManifest.xml:49:13-51:29
126                <action android:name="androidx.profileinstaller.action.BENCHMARK_OPERATION" />
126-->[androidx.profileinstaller:profileinstaller:1.3.1] AndroidManifest.xml:50:17-95
126-->[androidx.profileinstaller:profileinstaller:1.3.1] AndroidManifest.xml:50:25-92
127            </intent-filter>
128        </receiver>
129    </application>
130
131</manifest>